<?xml version="1.0" encoding="UTF-8"?>
<testsuite xmlns:xsi="http://www.w3.org/2001/XMLSchema-instance" xsi:noNamespaceSchemaLocation="https://maven.apache.org/surefire/maven-surefire-plugin/xsd/surefire-test-report-3.0.xsd" version="3.0" name="sharpBubbles.taskTracker.TaskTrackerApplicationTests" time="5.373" tests="1" errors="0" skipped="0" failures="0">
  <properties>
    <property name="java.specification.version" value="21"/>
    <property name="sun.jnu.encoding" value="UTF-8"/>
    <property name="java.class.path" value="/home/kolya_kha/Projects/Task-tracker-TaskService/target/test-classes:/home/kolya_kha/Projects/Task-tracker-TaskService/target/classes:/home/kolya_kha/.m2/repository/org/springframework/boot/spring-boot-starter-data-jpa/3.3.0/spring-boot-starter-data-jpa-3.3.0.jar:/home/kolya_kha/.m2/repository/org/springframework/boot/spring-boot-starter-aop/3.3.0/spring-boot-starter-aop-3.3.0.jar:/home/kolya_kha/.m2/repository/org/aspectj/aspectjweaver/1.9.22/aspectjweaver-1.9.22.jar:/home/kolya_kha/.m2/repository/org/springframework/boot/spring-boot-starter-jdbc/3.3.0/spring-boot-starter-jdbc-3.3.0.jar:/home/kolya_kha/.m2/repository/com/zaxxer/HikariCP/5.1.0/HikariCP-5.1.0.jar:/home/kolya_kha/.m2/repository/org/springframework/spring-jdbc/6.1.8/spring-jdbc-6.1.8.jar:/home/kolya_kha/.m2/repository/org/springframework/data/spring-data-jpa/3.3.0/spring-data-jpa-3.3.0.jar:/home/kolya_kha/.m2/repository/org/springframework/data/spring-data-commons/3.3.0/spring-data-commons-3.3.0.jar:/home/kolya_kha/.m2/repository/org/springframework/spring-orm/6.1.8/spring-orm-6.1.8.jar:/home/kolya_kha/.m2/repository/org/springframework/spring-context/6.1.8/spring-context-6.1.8.jar:/home/kolya_kha/.m2/repository/org/springframework/spring-tx/6.1.8/spring-tx-6.1.8.jar:/home/kolya_kha/.m2/repository/org/springframework/spring-beans/6.1.8/spring-beans-6.1.8.jar:/home/kolya_kha/.m2/repository/jakarta/annotation/jakarta.annotation-api/2.1.1/jakarta.annotation-api-2.1.1.jar:/home/kolya_kha/.m2/repository/org/slf4j/slf4j-api/2.0.13/slf4j-api-2.0.13.jar:/home/kolya_kha/.m2/repository/org/springframework/spring-aspects/6.1.8/spring-aspects-6.1.8.jar:/home/kolya_kha/.m2/repository/org/springframework/boot/spring-boot-starter-web/3.3.0/spring-boot-starter-web-3.3.0.jar:/home/kolya_kha/.m2/repository/org/springframework/boot/spring-boot-starter/3.3.0/spring-boot-starter-3.3.0.jar:/home/kolya_kha/.m2/repository/org/springframework/boot/spring-boot/3.3.0/spring-boot-3.3.0.jar:/home/kolya_kha/.m2/repository/org/springframework/boot/spring-boot-autoconfigure/3.3.0/spring-boot-autoconfigure-3.3.0.jar:/home/kolya_kha/.m2/repository/org/springframework/boot/spring-boot-starter-logging/3.3.0/spring-boot-starter-logging-3.3.0.jar:/home/kolya_kha/.m2/repository/ch/qos/logback/logback-classic/1.5.6/logback-classic-1.5.6.jar:/home/kolya_kha/.m2/repository/ch/qos/logback/logback-core/1.5.6/logback-core-1.5.6.jar:/home/kolya_kha/.m2/repository/org/apache/logging/log4j/log4j-to-slf4j/2.23.1/log4j-to-slf4j-2.23.1.jar:/home/kolya_kha/.m2/repository/org/apache/logging/log4j/log4j-api/2.23.1/log4j-api-2.23.1.jar:/home/kolya_kha/.m2/repository/org/slf4j/jul-to-slf4j/2.0.13/jul-to-slf4j-2.0.13.jar:/home/kolya_kha/.m2/repository/org/yaml/snakeyaml/2.2/snakeyaml-2.2.jar:/home/kolya_kha/.m2/repository/org/springframework/boot/spring-boot-starter-json/3.3.0/spring-boot-starter-json-3.3.0.jar:/home/kolya_kha/.m2/repository/com/fasterxml/jackson/datatype/jackson-datatype-jdk8/2.17.1/jackson-datatype-jdk8-2.17.1.jar:/home/kolya_kha/.m2/repository/com/fasterxml/jackson/module/jackson-module-parameter-names/2.17.1/jackson-module-parameter-names-2.17.1.jar:/home/kolya_kha/.m2/repository/org/springframework/boot/spring-boot-starter-tomcat/3.3.0/spring-boot-starter-tomcat-3.3.0.jar:/home/kolya_kha/.m2/repository/org/apache/tomcat/embed/tomcat-embed-core/10.1.24/tomcat-embed-core-10.1.24.jar:/home/kolya_kha/.m2/repository/org/apache/tomcat/embed/tomcat-embed-el/10.1.24/tomcat-embed-el-10.1.24.jar:/home/kolya_kha/.m2/repository/org/apache/tomcat/embed/tomcat-embed-websocket/10.1.24/tomcat-embed-websocket-10.1.24.jar:/home/kolya_kha/.m2/repository/org/springframework/spring-web/6.1.8/spring-web-6.1.8.jar:/home/kolya_kha/.m2/repository/io/micrometer/micrometer-observation/1.13.0/micrometer-observation-1.13.0.jar:/home/kolya_kha/.m2/repository/io/micrometer/micrometer-commons/1.13.0/micrometer-commons-1.13.0.jar:/home/kolya_kha/.m2/repository/org/springframework/spring-webmvc/6.1.8/spring-webmvc-6.1.8.jar:/home/kolya_kha/.m2/repository/org/springframework/spring-expression/6.1.8/spring-expression-6.1.8.jar:/home/kolya_kha/.m2/repository/org/springframework/boot/spring-boot-starter-test/3.3.0/spring-boot-starter-test-3.3.0.jar:/home/kolya_kha/.m2/repository/org/springframework/boot/spring-boot-test/3.3.0/spring-boot-test-3.3.0.jar:/home/kolya_kha/.m2/repository/org/springframework/boot/spring-boot-test-autoconfigure/3.3.0/spring-boot-test-autoconfigure-3.3.0.jar:/home/kolya_kha/.m2/repository/com/jayway/jsonpath/json-path/2.9.0/json-path-2.9.0.jar:/home/kolya_kha/.m2/repository/jakarta/xml/bind/jakarta.xml.bind-api/4.0.2/jakarta.xml.bind-api-4.0.2.jar:/home/kolya_kha/.m2/repository/jakarta/activation/jakarta.activation-api/2.1.3/jakarta.activation-api-2.1.3.jar:/home/kolya_kha/.m2/repository/net/minidev/json-smart/2.5.1/json-smart-2.5.1.jar:/home/kolya_kha/.m2/repository/net/minidev/accessors-smart/2.5.1/accessors-smart-2.5.1.jar:/home/kolya_kha/.m2/repository/org/ow2/asm/asm/9.6/asm-9.6.jar:/home/kolya_kha/.m2/repository/org/assertj/assertj-core/3.25.3/assertj-core-3.25.3.jar:/home/kolya_kha/.m2/repository/org/awaitility/awaitility/4.2.1/awaitility-4.2.1.jar:/home/kolya_kha/.m2/repository/org/hamcrest/hamcrest/2.2/hamcrest-2.2.jar:/home/kolya_kha/.m2/repository/org/junit/jupiter/junit-jupiter/5.10.2/junit-jupiter-5.10.2.jar:/home/kolya_kha/.m2/repository/org/junit/jupiter/junit-jupiter-api/5.10.2/junit-jupiter-api-5.10.2.jar:/home/kolya_kha/.m2/repository/org/opentest4j/opentest4j/1.3.0/opentest4j-1.3.0.jar:/home/kolya_kha/.m2/repository/org/junit/platform/junit-platform-commons/1.10.2/junit-platform-commons-1.10.2.jar:/home/kolya_kha/.m2/repository/org/apiguardian/apiguardian-api/1.1.2/apiguardian-api-1.1.2.jar:/home/kolya_kha/.m2/repository/org/junit/jupiter/junit-jupiter-params/5.10.2/junit-jupiter-params-5.10.2.jar:/home/kolya_kha/.m2/repository/org/junit/jupiter/junit-jupiter-engine/5.10.2/junit-jupiter-engine-5.10.2.jar:/home/kolya_kha/.m2/repository/org/junit/platform/junit-platform-engine/1.10.2/junit-platform-engine-1.10.2.jar:/home/kolya_kha/.m2/repository/org/mockito/mockito-core/5.11.0/mockito-core-5.11.0.jar:/home/kolya_kha/.m2/repository/net/bytebuddy/byte-buddy-agent/1.14.16/byte-buddy-agent-1.14.16.jar:/home/kolya_kha/.m2/repository/org/objenesis/objenesis/3.3/objenesis-3.3.jar:/home/kolya_kha/.m2/repository/org/mockito/mockito-junit-jupiter/5.11.0/mockito-junit-jupiter-5.11.0.jar:/home/kolya_kha/.m2/repository/org/skyscreamer/jsonassert/1.5.1/jsonassert-1.5.1.jar:/home/kolya_kha/.m2/repository/com/vaadin/external/google/android-json/0.0.20131108.vaadin1/android-json-0.0.20131108.vaadin1.jar:/home/kolya_kha/.m2/repository/org/springframework/spring-core/6.1.8/spring-core-6.1.8.jar:/home/kolya_kha/.m2/repository/org/springframework/spring-jcl/6.1.8/spring-jcl-6.1.8.jar:/home/kolya_kha/.m2/repository/org/springframework/spring-test/6.1.8/spring-test-6.1.8.jar:/home/kolya_kha/.m2/repository/org/xmlunit/xmlunit-core/2.9.1/xmlunit-core-2.9.1.jar:/home/kolya_kha/.m2/repository/org/hibernate/orm/hibernate-core/6.5.0.CR1/hibernate-core-6.5.0.CR1.jar:/home/kolya_kha/.m2/repository/jakarta/persistence/jakarta.persistence-api/3.1.0/jakarta.persistence-api-3.1.0.jar:/home/kolya_kha/.m2/repository/jakarta/transaction/jakarta.transaction-api/2.0.1/jakarta.transaction-api-2.0.1.jar:/home/kolya_kha/.m2/repository/org/jboss/logging/jboss-logging/3.5.3.Final/jboss-logging-3.5.3.Final.jar:/home/kolya_kha/.m2/repository/org/hibernate/common/hibernate-commons-annotations/6.0.6.Final/hibernate-commons-annotations-6.0.6.Final.jar:/home/kolya_kha/.m2/repository/io/smallrye/jandex/3.1.2/jandex-3.1.2.jar:/home/kolya_kha/.m2/repository/com/fasterxml/classmate/1.7.0/classmate-1.7.0.jar:/home/kolya_kha/.m2/repository/net/bytebuddy/byte-buddy/1.14.16/byte-buddy-1.14.16.jar:/home/kolya_kha/.m2/repository/org/glassfish/jaxb/jaxb-runtime/4.0.5/jaxb-runtime-4.0.5.jar:/home/kolya_kha/.m2/repository/org/glassfish/jaxb/jaxb-core/4.0.5/jaxb-core-4.0.5.jar:/home/kolya_kha/.m2/repository/org/eclipse/angus/angus-activation/2.0.2/angus-activation-2.0.2.jar:/home/kolya_kha/.m2/repository/org/glassfish/jaxb/txw2/4.0.5/txw2-4.0.5.jar:/home/kolya_kha/.m2/repository/com/sun/istack/istack-commons-runtime/4.1.2/istack-commons-runtime-4.1.2.jar:/home/kolya_kha/.m2/repository/jakarta/inject/jakarta.inject-api/2.0.1/jakarta.inject-api-2.0.1.jar:/home/kolya_kha/.m2/repository/org/antlr/antlr4-runtime/4.13.0/antlr4-runtime-4.13.0.jar:/home/kolya_kha/.m2/repository/org/hibernate/validator/hibernate-validator/8.0.0.Final/hibernate-validator-8.0.0.Final.jar:/home/kolya_kha/.m2/repository/jakarta/validation/jakarta.validation-api/3.0.2/jakarta.validation-api-3.0.2.jar:/home/kolya_kha/.m2/repository/org/postgresql/postgresql/42.7.3/postgresql-42.7.3.jar:/home/kolya_kha/.m2/repository/org/checkerframework/checker-qual/3.42.0/checker-qual-3.42.0.jar:/home/kolya_kha/.m2/repository/org/projectlombok/lombok/1.18.32/lombok-1.18.32.jar:/home/kolya_kha/.m2/repository/org/springframework/boot/spring-boot-starter-security/3.3.1/spring-boot-starter-security-3.3.1.jar:/home/kolya_kha/.m2/repository/org/springframework/spring-aop/6.1.8/spring-aop-6.1.8.jar:/home/kolya_kha/.m2/repository/org/springframework/security/spring-security-config/6.3.0/spring-security-config-6.3.0.jar:/home/kolya_kha/.m2/repository/org/springframework/security/spring-security-web/6.3.0/spring-security-web-6.3.0.jar:/home/kolya_kha/.m2/repository/org/springframework/security/spring-security-test/6.3.0/spring-security-test-6.3.0.jar:/home/kolya_kha/.m2/repository/org/springframework/security/spring-security-core/6.3.0/spring-security-core-6.3.0.jar:/home/kolya_kha/.m2/repository/org/springframework/security/spring-security-crypto/6.3.0/spring-security-crypto-6.3.0.jar:/home/kolya_kha/.m2/repository/com/fasterxml/jackson/datatype/jackson-datatype-jsr310/2.17.2/jackson-datatype-jsr310-2.17.2.jar:/home/kolya_kha/.m2/repository/com/fasterxml/jackson/core/jackson-annotations/2.17.1/jackson-annotations-2.17.1.jar:/home/kolya_kha/.m2/repository/com/fasterxml/jackson/core/jackson-core/2.17.1/jackson-core-2.17.1.jar:/home/kolya_kha/.m2/repository/com/fasterxml/jackson/core/jackson-databind/2.17.1/jackson-databind-2.17.1.jar:"/>
    <property name="java.vm.vendor" value="Oracle Corporation"/>
    <property name="sun.arch.data.model" value="64"/>
    <property name="java.vendor.url" value="https://java.oracle.com/"/>
    <property name="user.timezone" value="Europe/Moscow"/>
    <property name="org.jboss.logging.provider" value="slf4j"/>
    <property name="os.name" value="Linux"/>
    <property name="java.vm.specification.version" value="21"/>
    <property name="sun.java.launcher" value="SUN_STANDARD"/>
    <property name="user.country" value="RU"/>
    <property name="sun.boot.library.path" value="/usr/lib/jvm/jdk-21.0.2/lib"/>
    <property name="sun.java.command" value="/home/kolya_kha/Projects/Task-tracker-TaskService/target/surefire/surefirebooter-20240910224309839_3.jar /home/kolya_kha/Projects/Task-tracker-TaskService/target/surefire 2024-09-10T22-43-09_766-jvmRun1 surefire-20240910224309839_1tmp surefire_0-20240910224309839_2tmp"/>
    <property name="jdk.debug" value="release"/>
    <property name="surefire.test.class.path" value="/home/kolya_kha/Projects/Task-tracker-TaskService/target/test-classes:/home/kolya_kha/Projects/Task-tracker-TaskService/target/classes:/home/kolya_kha/.m2/repository/org/springframework/boot/spring-boot-starter-data-jpa/3.3.0/spring-boot-starter-data-jpa-3.3.0.jar:/home/kolya_kha/.m2/repository/org/springframework/boot/spring-boot-starter-aop/3.3.0/spring-boot-starter-aop-3.3.0.jar:/home/kolya_kha/.m2/repository/org/aspectj/aspectjweaver/1.9.22/aspectjweaver-1.9.22.jar:/home/kolya_kha/.m2/repository/org/springframework/boot/spring-boot-starter-jdbc/3.3.0/spring-boot-starter-jdbc-3.3.0.jar:/home/kolya_kha/.m2/repository/com/zaxxer/HikariCP/5.1.0/HikariCP-5.1.0.jar:/home/kolya_kha/.m2/repository/org/springframework/spring-jdbc/6.1.8/spring-jdbc-6.1.8.jar:/home/kolya_kha/.m2/repository/org/springframework/data/spring-data-jpa/3.3.0/spring-data-jpa-3.3.0.jar:/home/kolya_kha/.m2/repository/org/springframework/data/spring-data-commons/3.3.0/spring-data-commons-3.3.0.jar:/home/kolya_kha/.m2/repository/org/springframework/spring-orm/6.1.8/spring-orm-6.1.8.jar:/home/kolya_kha/.m2/repository/org/springframework/spring-context/6.1.8/spring-context-6.1.8.jar:/home/kolya_kha/.m2/repository/org/springframework/spring-tx/6.1.8/spring-tx-6.1.8.jar:/home/kolya_kha/.m2/repository/org/springframework/spring-beans/6.1.8/spring-beans-6.1.8.jar:/home/kolya_kha/.m2/repository/jakarta/annotation/jakarta.annotation-api/2.1.1/jakarta.annotation-api-2.1.1.jar:/home/kolya_kha/.m2/repository/org/slf4j/slf4j-api/2.0.13/slf4j-api-2.0.13.jar:/home/kolya_kha/.m2/repository/org/springframework/spring-aspects/6.1.8/spring-aspects-6.1.8.jar:/home/kolya_kha/.m2/repository/org/springframework/boot/spring-boot-starter-web/3.3.0/spring-boot-starter-web-3.3.0.jar:/home/kolya_kha/.m2/repository/org/springframework/boot/spring-boot-starter/3.3.0/spring-boot-starter-3.3.0.jar:/home/kolya_kha/.m2/repository/org/springframework/boot/spring-boot/3.3.0/spring-boot-3.3.0.jar:/home/kolya_kha/.m2/repository/org/springframework/boot/spring-boot-autoconfigure/3.3.0/spring-boot-autoconfigure-3.3.0.jar:/home/kolya_kha/.m2/repository/org/springframework/boot/spring-boot-starter-logging/3.3.0/spring-boot-starter-logging-3.3.0.jar:/home/kolya_kha/.m2/repository/ch/qos/logback/logback-classic/1.5.6/logback-classic-1.5.6.jar:/home/kolya_kha/.m2/repository/ch/qos/logback/logback-core/1.5.6/logback-core-1.5.6.jar:/home/kolya_kha/.m2/repository/org/apache/logging/log4j/log4j-to-slf4j/2.23.1/log4j-to-slf4j-2.23.1.jar:/home/kolya_kha/.m2/repository/org/apache/logging/log4j/log4j-api/2.23.1/log4j-api-2.23.1.jar:/home/kolya_kha/.m2/repository/org/slf4j/jul-to-slf4j/2.0.13/jul-to-slf4j-2.0.13.jar:/home/kolya_kha/.m2/repository/org/yaml/snakeyaml/2.2/snakeyaml-2.2.jar:/home/kolya_kha/.m2/repository/org/springframework/boot/spring-boot-starter-json/3.3.0/spring-boot-starter-json-3.3.0.jar:/home/kolya_kha/.m2/repository/com/fasterxml/jackson/datatype/jackson-datatype-jdk8/2.17.1/jackson-datatype-jdk8-2.17.1.jar:/home/kolya_kha/.m2/repository/com/fasterxml/jackson/module/jackson-module-parameter-names/2.17.1/jackson-module-parameter-names-2.17.1.jar:/home/kolya_kha/.m2/repository/org/springframework/boot/spring-boot-starter-tomcat/3.3.0/spring-boot-starter-tomcat-3.3.0.jar:/home/kolya_kha/.m2/repository/org/apache/tomcat/embed/tomcat-embed-core/10.1.24/tomcat-embed-core-10.1.24.jar:/home/kolya_kha/.m2/repository/org/apache/tomcat/embed/tomcat-embed-el/10.1.24/tomcat-embed-el-10.1.24.jar:/home/kolya_kha/.m2/repository/org/apache/tomcat/embed/tomcat-embed-websocket/10.1.24/tomcat-embed-websocket-10.1.24.jar:/home/kolya_kha/.m2/repository/org/springframework/spring-web/6.1.8/spring-web-6.1.8.jar:/home/kolya_kha/.m2/repository/io/micrometer/micrometer-observation/1.13.0/micrometer-observation-1.13.0.jar:/home/kolya_kha/.m2/repository/io/micrometer/micrometer-commons/1.13.0/micrometer-commons-1.13.0.jar:/home/kolya_kha/.m2/repository/org/springframework/spring-webmvc/6.1.8/spring-webmvc-6.1.8.jar:/home/kolya_kha/.m2/repository/org/springframework/spring-expression/6.1.8/spring-expression-6.1.8.jar:/home/kolya_kha/.m2/repository/org/springframework/boot/spring-boot-starter-test/3.3.0/spring-boot-starter-test-3.3.0.jar:/home/kolya_kha/.m2/repository/org/springframework/boot/spring-boot-test/3.3.0/spring-boot-test-3.3.0.jar:/home/kolya_kha/.m2/repository/org/springframework/boot/spring-boot-test-autoconfigure/3.3.0/spring-boot-test-autoconfigure-3.3.0.jar:/home/kolya_kha/.m2/repository/com/jayway/jsonpath/json-path/2.9.0/json-path-2.9.0.jar:/home/kolya_kha/.m2/repository/jakarta/xml/bind/jakarta.xml.bind-api/4.0.2/jakarta.xml.bind-api-4.0.2.jar:/home/kolya_kha/.m2/repository/jakarta/activation/jakarta.activation-api/2.1.3/jakarta.activation-api-2.1.3.jar:/home/kolya_kha/.m2/repository/net/minidev/json-smart/2.5.1/json-smart-2.5.1.jar:/home/kolya_kha/.m2/repository/net/minidev/accessors-smart/2.5.1/accessors-smart-2.5.1.jar:/home/kolya_kha/.m2/repository/org/ow2/asm/asm/9.6/asm-9.6.jar:/home/kolya_kha/.m2/repository/org/assertj/assertj-core/3.25.3/assertj-core-3.25.3.jar:/home/kolya_kha/.m2/repository/org/awaitility/awaitility/4.2.1/awaitility-4.2.1.jar:/home/kolya_kha/.m2/repository/org/hamcrest/hamcrest/2.2/hamcrest-2.2.jar:/home/kolya_kha/.m2/repository/org/junit/jupiter/junit-jupiter/5.10.2/junit-jupiter-5.10.2.jar:/home/kolya_kha/.m2/repository/org/junit/jupiter/junit-jupiter-api/5.10.2/junit-jupiter-api-5.10.2.jar:/home/kolya_kha/.m2/repository/org/opentest4j/opentest4j/1.3.0/opentest4j-1.3.0.jar:/home/kolya_kha/.m2/repository/org/junit/platform/junit-platform-commons/1.10.2/junit-platform-commons-1.10.2.jar:/home/kolya_kha/.m2/repository/org/apiguardian/apiguardian-api/1.1.2/apiguardian-api-1.1.2.jar:/home/kolya_kha/.m2/repository/org/junit/jupiter/junit-jupiter-params/5.10.2/junit-jupiter-params-5.10.2.jar:/home/kolya_kha/.m2/repository/org/junit/jupiter/junit-jupiter-engine/5.10.2/junit-jupiter-engine-5.10.2.jar:/home/kolya_kha/.m2/repository/org/junit/platform/junit-platform-engine/1.10.2/junit-platform-engine-1.10.2.jar:/home/kolya_kha/.m2/repository/org/mockito/mockito-core/5.11.0/mockito-core-5.11.0.jar:/home/kolya_kha/.m2/repository/net/bytebuddy/byte-buddy-agent/1.14.16/byte-buddy-agent-1.14.16.jar:/home/kolya_kha/.m2/repository/org/objenesis/objenesis/3.3/objenesis-3.3.jar:/home/kolya_kha/.m2/repository/org/mockito/mockito-junit-jupiter/5.11.0/mockito-junit-jupiter-5.11.0.jar:/home/kolya_kha/.m2/repository/org/skyscreamer/jsonassert/1.5.1/jsonassert-1.5.1.jar:/home/kolya_kha/.m2/repository/com/vaadin/external/google/android-json/0.0.20131108.vaadin1/android-json-0.0.20131108.vaadin1.jar:/home/kolya_kha/.m2/repository/org/springframework/spring-core/6.1.8/spring-core-6.1.8.jar:/home/kolya_kha/.m2/repository/org/springframework/spring-jcl/6.1.8/spring-jcl-6.1.8.jar:/home/kolya_kha/.m2/repository/org/springframework/spring-test/6.1.8/spring-test-6.1.8.jar:/home/kolya_kha/.m2/repository/org/xmlunit/xmlunit-core/2.9.1/xmlunit-core-2.9.1.jar:/home/kolya_kha/.m2/repository/org/hibernate/orm/hibernate-core/6.5.0.CR1/hibernate-core-6.5.0.CR1.jar:/home/kolya_kha/.m2/repository/jakarta/persistence/jakarta.persistence-api/3.1.0/jakarta.persistence-api-3.1.0.jar:/home/kolya_kha/.m2/repository/jakarta/transaction/jakarta.transaction-api/2.0.1/jakarta.transaction-api-2.0.1.jar:/home/kolya_kha/.m2/repository/org/jboss/logging/jboss-logging/3.5.3.Final/jboss-logging-3.5.3.Final.jar:/home/kolya_kha/.m2/repository/org/hibernate/common/hibernate-commons-annotations/6.0.6.Final/hibernate-commons-annotations-6.0.6.Final.jar:/home/kolya_kha/.m2/repository/io/smallrye/jandex/3.1.2/jandex-3.1.2.jar:/home/kolya_kha/.m2/repository/com/fasterxml/classmate/1.7.0/classmate-1.7.0.jar:/home/kolya_kha/.m2/repository/net/bytebuddy/byte-buddy/1.14.16/byte-buddy-1.14.16.jar:/home/kolya_kha/.m2/repository/org/glassfish/jaxb/jaxb-runtime/4.0.5/jaxb-runtime-4.0.5.jar:/home/kolya_kha/.m2/repository/org/glassfish/jaxb/jaxb-core/4.0.5/jaxb-core-4.0.5.jar:/home/kolya_kha/.m2/repository/org/eclipse/angus/angus-activation/2.0.2/angus-activation-2.0.2.jar:/home/kolya_kha/.m2/repository/org/glassfish/jaxb/txw2/4.0.5/txw2-4.0.5.jar:/home/kolya_kha/.m2/repository/com/sun/istack/istack-commons-runtime/4.1.2/istack-commons-runtime-4.1.2.jar:/home/kolya_kha/.m2/repository/jakarta/inject/jakarta.inject-api/2.0.1/jakarta.inject-api-2.0.1.jar:/home/kolya_kha/.m2/repository/org/antlr/antlr4-runtime/4.13.0/antlr4-runtime-4.13.0.jar:/home/kolya_kha/.m2/repository/org/hibernate/validator/hibernate-validator/8.0.0.Final/hibernate-validator-8.0.0.Final.jar:/home/kolya_kha/.m2/repository/jakarta/validation/jakarta.validation-api/3.0.2/jakarta.validation-api-3.0.2.jar:/home/kolya_kha/.m2/repository/org/postgresql/postgresql/42.7.3/postgresql-42.7.3.jar:/home/kolya_kha/.m2/repository/org/checkerframework/checker-qual/3.42.0/checker-qual-3.42.0.jar:/home/kolya_kha/.m2/repository/org/projectlombok/lombok/1.18.32/lombok-1.18.32.jar:/home/kolya_kha/.m2/repository/org/springframework/boot/spring-boot-starter-security/3.3.1/spring-boot-starter-security-3.3.1.jar:/home/kolya_kha/.m2/repository/org/springframework/spring-aop/6.1.8/spring-aop-6.1.8.jar:/home/kolya_kha/.m2/repository/org/springframework/security/spring-security-config/6.3.0/spring-security-config-6.3.0.jar:/home/kolya_kha/.m2/repository/org/springframework/security/spring-security-web/6.3.0/spring-security-web-6.3.0.jar:/home/kolya_kha/.m2/repository/org/springframework/security/spring-security-test/6.3.0/spring-security-test-6.3.0.jar:/home/kolya_kha/.m2/repository/org/springframework/security/spring-security-core/6.3.0/spring-security-core-6.3.0.jar:/home/kolya_kha/.m2/repository/org/springframework/security/spring-security-crypto/6.3.0/spring-security-crypto-6.3.0.jar:/home/kolya_kha/.m2/repository/com/fasterxml/jackson/datatype/jackson-datatype-jsr310/2.17.2/jackson-datatype-jsr310-2.17.2.jar:/home/kolya_kha/.m2/repository/com/fasterxml/jackson/core/jackson-annotations/2.17.1/jackson-annotations-2.17.1.jar:/home/kolya_kha/.m2/repository/com/fasterxml/jackson/core/jackson-core/2.17.1/jackson-core-2.17.1.jar:/home/kolya_kha/.m2/repository/com/fasterxml/jackson/core/jackson-databind/2.17.1/jackson-databind-2.17.1.jar:"/>
    <property name="sun.cpu.endian" value="little"/>
    <property name="user.home" value="/home/kolya_kha"/>
    <property name="user.language" value="ru"/>
    <property name="java.specification.vendor" value="Oracle Corporation"/>
    <property name="java.version.date" value="2024-01-16"/>
    <property name="java.home" value="/usr/lib/jvm/jdk-21.0.2"/>
    <property name="file.separator" value="/"/>
    <property name="basedir" value="/home/kolya_kha/Projects/Task-tracker-TaskService"/>
    <property name="java.vm.compressedOopsMode" value="Zero based"/>
    <property name="line.separator" value="&#10;"/>
    <property name="java.vm.specification.vendor" value="Oracle Corporation"/>
    <property name="java.specification.name" value="Java Platform API Specification"/>
    <property name="FILE_LOG_CHARSET" value="UTF-8"/>
    <property name="java.awt.headless" value="true"/>
    <property name="surefire.real.class.path" value="/home/kolya_kha/Projects/Task-tracker-TaskService/target/surefire/surefirebooter-20240910224309839_3.jar"/>
    <property name="sun.management.compiler" value="HotSpot 64-Bit Tiered Compilers"/>
    <property name="java.runtime.version" value="21.0.2+13-LTS-58"/>
    <property name="user.name" value="kolya_kha"/>
    <property name="stdout.encoding" value="UTF-8"/>
    <property name="path.separator" value=":"/>
    <property name="os.version" value="6.8.0-41-generic"/>
    <property name="java.runtime.name" value="Java(TM) SE Runtime Environment"/>
    <property name="file.encoding" value="UTF-8"/>
    <property name="java.vm.name" value="Java HotSpot(TM) 64-Bit Server VM"/>
    <property name="localRepository" value="/home/kolya_kha/.m2/repository"/>
    <property name="java.vendor.url.bug" value="https://bugreport.java.com/bugreport/"/>
    <property name="java.io.tmpdir" value="/tmp"/>
    <property name="com.zaxxer.hikari.pool_number" value="1"/>
    <property name="java.version" value="21.0.2"/>
    <property name="user.dir" value="/home/kolya_kha/Projects/Task-tracker-TaskService"/>
    <property name="os.arch" value="amd64"/>
    <property name="java.vm.specification.name" value="Java Virtual Machine Specification"/>
    <property name="PID" value="34945"/>
    <property name="CONSOLE_LOG_CHARSET" value="UTF-8"/>
    <property name="native.encoding" value="UTF-8"/>
    <property name="java.library.path" value="/usr/java/packages/lib:/usr/lib64:/lib64:/lib:/usr/lib"/>
    <property name="java.vm.info" value="mixed mode, sharing"/>
    <property name="stderr.encoding" value="UTF-8"/>
    <property name="java.vendor" value="Oracle Corporation"/>
    <property name="java.vm.version" value="21.0.2+13-LTS-58"/>
    <property name="sun.io.unicode.encoding" value="UnicodeLittle"/>
    <property name="java.class.version" value="65.0"/>
    <property name="LOGGED_APPLICATION_NAME" value="[taskTracker] "/>
  </properties>
  <testcase name="contextLoads" classname="sharpBubbles.taskTracker.TaskTrackerApplicationTests" time="0.441">
    <system-out><![CDATA[22:43:10.456 [main] INFO org.springframework.test.context.support.AnnotationConfigContextLoaderUtils -- Could not detect default configuration classes for test class [sharpBubbles.taskTracker.TaskTrackerApplicationTests]: TaskTrackerApplicationTests does not declare any static, non-private, non-final, nested classes annotated with @Configuration.
22:43:10.545 [main] INFO org.springframework.boot.test.context.SpringBootTestContextBootstrapper -- Found @SpringBootConfiguration sharpBubbles.taskTracker.TaskTrackerApplication for test class sharpBubbles.taskTracker.TaskTrackerApplicationTests
  .   ____          _            __ _ _
 /\\ / ___'_ __ _ _(_)_ __  __ _ \ \ \ \
( ( )\___ | '_ | '_| | '_ \/ _` | \ \ \ \
 \\/  ___)| |_)| | | | | || (_| |  ) ) ) )
  '  |____| .__|_| |_|_| |_\__, | / / / /
 =========|_|==============|___/=/_/_/_/

 :: Spring Boot ::                (v3.3.0)

2024-09-10T22:43:10.918+03:00  INFO 34945 --- [taskTracker] [           main] s.t.TaskTrackerApplicationTests          : Starting TaskTrackerApplicationTests using Java 21.0.2 with PID 34945 (started by kolya_kha in /home/kolya_kha/Projects/Task-tracker-TaskService)
2024-09-10T22:43:10.919+03:00  INFO 34945 --- [taskTracker] [           main] s.t.TaskTrackerApplicationTests          : No active profile set, falling back to 1 default profile: "default"
2024-09-10T22:43:11.600+03:00  INFO 34945 --- [taskTracker] [           main] .s.d.r.c.RepositoryConfigurationDelegate : Bootstrapping Spring Data JPA repositories in DEFAULT mode.
2024-09-10T22:43:11.654+03:00  INFO 34945 --- [taskTracker] [           main] .s.d.r.c.RepositoryConfigurationDelegate : Finished Spring Data repository scanning in 47 ms. Found 1 JPA repository interface.
2024-09-10T22:43:12.249+03:00  INFO 34945 --- [taskTracker] [           main] o.hibernate.jpa.internal.util.LogHelper  : HHH000204: Processing PersistenceUnitInfo [name: default]
2024-09-10T22:43:12.301+03:00  INFO 34945 --- [taskTracker] [           main] org.hibernate.Version                    : HHH000412: Hibernate ORM core version 6.5.0.CR1
2024-09-10T22:43:12.333+03:00  INFO 34945 --- [taskTracker] [           main] o.h.c.internal.RegionFactoryInitiator    : HHH000026: Second-level cache disabled
2024-09-10T22:43:12.550+03:00  INFO 34945 --- [taskTracker] [           main] o.s.o.j.p.SpringPersistenceUnitInfo      : No LoadTimeWeaver setup: ignoring JPA class transformer
2024-09-10T22:43:12.574+03:00  INFO 34945 --- [taskTracker] [           main] com.zaxxer.hikari.HikariDataSource       : HikariPool-1 - Starting...
2024-09-10T22:43:13.197+03:00  INFO 34945 --- [taskTracker] [           main] com.zaxxer.hikari.pool.HikariPool        : HikariPool-1 - Added connection org.postgresql.jdbc.PgConnection@45d7495e
2024-09-10T22:43:13.199+03:00  INFO 34945 --- [taskTracker] [           main] com.zaxxer.hikari.HikariDataSource       : HikariPool-1 - Start completed.
2024-09-10T22:43:13.282+03:00  WARN 34945 --- [taskTracker] [           main] org.hibernate.orm.deprecation            : HHH90000025: PostgreSQLDialect does not need to be specified explicitly using 'hibernate.dialect' (remove the property setting and it will be selected by default)
2024-09-10T22:43:14.065+03:00  INFO 34945 --- [taskTracker] [           main] o.h.e.t.j.p.i.JtaPlatformInitiator       : HHH000489: No JTA platform available (set 'hibernate.transaction.jta.platform' to enable JTA platform integration)
2024-09-10T22:43:14.267+03:00  INFO 34945 --- [taskTracker] [           main] j.LocalContainerEntityManagerFactoryBean : Initialized JPA EntityManagerFactory for persistence unit 'default'
2024-09-10T22:43:14.581+03:00  WARN 34945 --- [taskTracker] [           main] JpaBaseConfiguration$JpaWebConfiguration : spring.jpa.open-in-view is enabled by default. Therefore, database queries may be performed during view rendering. Explicitly configure spring.jpa.open-in-view to disable this warning
2024-09-10T22:43:14.607+03:00  WARN 34945 --- [taskTracker] [           main] .s.s.UserDetailsServiceAutoConfiguration : 

Using generated security password: 58e9df88-4079-4ef6-a040-29c935388460

This generated password is for development use only. Your security configuration must be updated before running your application in production.

2024-09-10T22:43:14.619+03:00  INFO 34945 --- [taskTracker] [           main] r$InitializeUserDetailsManagerConfigurer : Global AuthenticationManager configured with UserDetailsService bean with name inMemoryUserDetailsManager
2024-09-10T22:43:14.949+03:00  INFO 34945 --- [taskTracker] [           main] o.s.s.web.DefaultSecurityFilterChain     : Will secure any request with [org.springframework.security.web.session.DisableEncodeUrlFilter@6bc08a77, org.springframework.security.web.session.ForceEagerSessionCreationFilter@37922937, org.springframework.security.web.context.request.async.WebAsyncManagerIntegrationFilter@73483d4b, org.springframework.security.web.context.SecurityContextHolderFilter@159a0f0e, org.springframework.security.web.header.HeaderWriterFilter@5776a9f8, org.springframework.web.filter.CorsFilter@8961e55, org.springframework.security.web.authentication.logout.LogoutFilter@202fd4c4, org.springframework.security.web.authentication.UsernamePasswordAuthenticationFilter@58701e8c, org.springframework.security.web.savedrequest.RequestCacheAwareFilter@2ddb6c71, org.springframework.security.web.servletapi.SecurityContextHolderAwareRequestFilter@6c569caf, org.springframework.security.web.authentication.AnonymousAuthenticationFilter@67eabe02, org.springframework.security.web.session.SessionManagementFilter@446fb72e, org.springframework.security.web.access.ExceptionTranslationFilter@53dd29e0, org.springframework.security.web.access.intercept.AuthorizationFilter@7c9c7e7d]
2024-09-10T22:43:15.232+03:00  INFO 34945 --- [taskTracker] [           main] s.t.TaskTrackerApplicationTests          : Started TaskTrackerApplicationTests in 4.57 seconds (process running for 5.337)
]]></system-out>
    <system-err><![CDATA[WARNING: A Java agent has been loaded dynamically (/home/kolya_kha/.m2/repository/net/bytebuddy/byte-buddy-agent/1.14.16/byte-buddy-agent-1.14.16.jar)
WARNING: If a serviceability tool is in use, please run with -XX:+EnableDynamicAgentLoading to hide this warning
WARNING: If a serviceability tool is not in use, please run with -Djdk.instrument.traceUsage for more information
WARNING: Dynamic loading of agents will be disallowed by default in a future release
]]></system-err>
  </testcase>
</testsuite>